{
  "RSpec": {
    "coverage": {
      "/Users/siyuqiu/Documents/Upenn/CIT597/Gmail2Calendar/app/models/user.rb": [
        null,
        null,
        null,
        null,
        null,
        null,
        null,
        null,
        null,
        null,
        null,
        null,
        null,
        null,
        null,
        null,
        null,
        null,
        null,
        null,
        null,
        null,
        null,
        null,
        null,
        1,
        1,
        null,
        null,
        1,
        1,
        1,
        null,
        null,
        1,
        3,
        3,
        null,
        3,
        1,
        1,
        null,
        2,
        2,
        1,
        1,
        null,
        1,
        null,
        null,
        null,
        null,
        null,
        null,
        null,
        null,
        null,
        null,
        null,
        null,
        1,
        null,
        null,
        null,
        null,
        null,
        null
      ],
      "/Users/siyuqiu/Documents/Upenn/CIT597/Gmail2Calendar/app/models/event.rb": [
        null,
        null,
        null,
        null,
        null,
        null,
        null,
        null,
        null,
        null,
        null,
        null,
        null,
        1,
        1,
        1,
        null,
        null
      ],
      "/Users/siyuqiu/Documents/Upenn/CIT597/Gmail2Calendar/app/models/mygmail.rb": [
        null,
        null,
        null,
        null,
        null,
        null,
        null,
        null,
        null,
        null,
        null,
        null,
        1,
        1,
        1,
        1,
        null
      ],
      "/Users/siyuqiu/Documents/Upenn/CIT597/Gmail2Calendar/app/controllers/events_controller.rb": [
        1,
        1,
        null,
        1,
        null,
        1,
        1,
        1,
        null,
        null,
        1,
        1,
        null,
        null,
        1,
        1,
        1,
        null,
        null,
        1,
        null,
        null,
        1,
        1,
        1,
        1,
        null,
        null,
        1,
        1,
        1,
        null,
        null,
        1,
        1,
        1,
        null,
        null,
        1,
        1,
        4,
        null,
        null,
        1,
        2,
        null,
        null
      ],
      "/Users/siyuqiu/Documents/Upenn/CIT597/Gmail2Calendar/app/controllers/application_controller.rb": [
        1,
        null,
        null,
        1,
        1,
        null
      ],
      "/Users/siyuqiu/Documents/Upenn/CIT597/Gmail2Calendar/app/helpers/application_helper.rb": [
        1,
        null
      ],
      "/Users/siyuqiu/Documents/Upenn/CIT597/Gmail2Calendar/app/helpers/devise_helper.rb": [
        1,
        null,
        1,
        2,
        2,
        null,
        2,
        0,
        null,
        null,
        2,
        1,
        null,
        4,
        1,
        null,
        null,
        1,
        null,
        null,
        null,
        null,
        null,
        null,
        1,
        null,
        null,
        null
      ],
      "/Users/siyuqiu/Documents/Upenn/CIT597/Gmail2Calendar/app/helpers/events_helper.rb": [
        1,
        null
      ],
      "/Users/siyuqiu/Documents/Upenn/CIT597/Gmail2Calendar/app/helpers/mygmails_helper.rb": [
        1,
        null
      ],
      "/Users/siyuqiu/Documents/Upenn/CIT597/Gmail2Calendar/app/helpers/users_helper.rb": [
        1,
        null
      ],
      "/Users/siyuqiu/Documents/Upenn/CIT597/Gmail2Calendar/app/controllers/mygmails_controller.rb": [
        1,
        1,
        1,
        1,
        1,
        1,
        null,
        1,
        null,
        1,
        1,
        null,
        1,
        1,
        1,
        1,
        6,
        6,
        6,
        6,
        6,
        0,
        null,
        6,
        null,
        null,
        6,
        6,
        6,
        null,
        6,
        6,
        null,
        null,
        6,
        null,
        null,
        null,
        1,
        1,
        null,
        null,
        null,
        1,
        7,
        null,
        7,
        7,
        7,
        7,
        56,
        35,
        26,
        null,
        null,
        null,
        null,
        null,
        null,
        26,
        null,
        null,
        null,
        26,
        null,
        null,
        null,
        null,
        null,
        26,
        null,
        null,
        null,
        null,
        null,
        1,
        10,
        10,
        null,
        156,
        1,
        1,
        null,
        null,
        155,
        5,
        5,
        null,
        null,
        null,
        150,
        1,
        null,
        1,
        1,
        null,
        null,
        null,
        null,
        null,
        null,
        null,
        null,
        null,
        null,
        null,
        1,
        1,
        1,
        null,
        null,
        1,
        1,
        1,
        null,
        null,
        1,
        1,
        null,
        1,
        null,
        null,
        1,
        1,
        1,
        null,
        null,
        1,
        null,
        1,
        null,
        1,
        1,
        null,
        null,
        null,
        null,
        null,
        1,
        null,
        1,
        1,
        1,
        null,
        null,
        1,
        null,
        1,
        1,
        1,
        null,
        null,
        1,
        null,
        null,
        1,
        null,
        1,
        null,
        null,
        1,
        1,
        9,
        null,
        null,
        null,
        1,
        2,
        null,
        null
      ],
      "/Users/siyuqiu/Documents/Upenn/CIT597/Gmail2Calendar/app/controllers/users_controller.rb": [
        null,
        null,
        1,
        1,
        null,
        1,
        null,
        null,
        1,
        1,
        1,
        null,
        null,
        1,
        1,
        null,
        null,
        1,
        1,
        1,
        null,
        null,
        1,
        null,
        null,
        1,
        1,
        1,
        1,
        null,
        null,
        1,
        1,
        1,
        null,
        null,
        1,
        1,
        1,
        null,
        null,
        1,
        1,
        4,
        null,
        null,
        1,
        2,
        null,
        null
      ]
    },
    "timestamp": 1418435879
  },
  "Unit Tests": {
    "coverage": {
      "/Users/siyuqiu/Documents/Upenn/CIT597/Gmail2Calendar/app/models/user.rb": [
        null,
        null,
        null,
        null,
        null,
        null,
        null,
        null,
        null,
        null,
        null,
        null,
        null,
        null,
        null,
        null,
        null,
        null,
        null,
        null,
        null,
        null,
        null,
        null,
        null,
        1,
        1,
        null,
        null,
        1,
        1,
        1,
        null,
        null,
        1,
        0,
        0,
        null,
        0,
        0,
        0,
        null,
        0,
        0,
        0,
        0,
        null,
        0,
        null,
        null,
        null,
        null,
        null,
        null,
        null,
        null,
        null,
        null,
        null,
        null,
        1,
        null,
        null,
        null,
        null,
        null,
        null
      ],
      "/Users/siyuqiu/Documents/Upenn/CIT597/Gmail2Calendar/app/models/event.rb": [
        null,
        null,
        null,
        null,
        null,
        null,
        null,
        null,
        null,
        null,
        null,
        null,
        null,
        1,
        1,
        1,
        null,
        null
      ],
      "/Users/siyuqiu/Documents/Upenn/CIT597/Gmail2Calendar/app/models/mygmail.rb": [
        null,
        null,
        null,
        null,
        null,
        null,
        null,
        null,
        null,
        null,
        null,
        null,
        1,
        1,
        1,
        1,
        null
      ],
      "/Users/siyuqiu/Documents/Upenn/CIT597/Gmail2Calendar/app/controllers/application_controller.rb": [
        1,
        null,
        null,
        1,
        1,
        null
      ],
      "/Users/siyuqiu/Documents/Upenn/CIT597/Gmail2Calendar/app/helpers/application_helper.rb": [
        1,
        null
      ],
      "/Users/siyuqiu/Documents/Upenn/CIT597/Gmail2Calendar/app/helpers/devise_helper.rb": [
        1,
        null,
        1,
        2,
        2,
        null,
        2,
        0,
        null,
        null,
        2,
        1,
        null,
        4,
        1,
        null,
        null,
        1,
        null,
        null,
        null,
        null,
        null,
        null,
        1,
        null,
        null,
        null
      ],
      "/Users/siyuqiu/Documents/Upenn/CIT597/Gmail2Calendar/app/helpers/events_helper.rb": [
        1,
        null
      ],
      "/Users/siyuqiu/Documents/Upenn/CIT597/Gmail2Calendar/app/helpers/mygmails_helper.rb": [
        1,
        null
      ],
      "/Users/siyuqiu/Documents/Upenn/CIT597/Gmail2Calendar/app/helpers/users_helper.rb": [
        1,
        null
      ]
    },
    "timestamp": 1418435810
  },
  "Cucumber Features": {
    "coverage": {
      "/Users/siyuqiu/Documents/Upenn/CIT597/Gmail2Calendar/app/models/user.rb": [
        null,
        null,
        null,
        null,
        null,
        null,
        null,
        null,
        null,
        null,
        null,
        null,
        null,
        null,
        null,
        null,
        null,
        null,
        null,
        null,
        null,
        null,
        null,
        null,
        null,
        1,
        1,
        null,
        null,
        1,
        1,
        1,
        null,
        null,
        1,
        2,
        2,
        null,
        2,
        0,
        0,
        null,
        2,
        2,
        0,
        0,
        null,
        2,
        null,
        null,
        null,
        null,
        null,
        null,
        null,
        null,
        null,
        null,
        null,
        null,
        1,
        null,
        null,
        null,
        null,
        null,
        null
      ],
      "/Users/siyuqiu/Documents/Upenn/CIT597/Gmail2Calendar/app/controllers/application_controller.rb": [
        1,
        null,
        null,
        1,
        1,
        null
      ],
      "/Users/siyuqiu/Documents/Upenn/CIT597/Gmail2Calendar/app/helpers/application_helper.rb": [
        1,
        null
      ],
      "/Users/siyuqiu/Documents/Upenn/CIT597/Gmail2Calendar/app/helpers/devise_helper.rb": [
        1,
        null,
        1,
        12,
        12,
        null,
        12,
        0,
        0,
        0,
        0,
        null,
        null,
        12,
        5,
        null,
        14,
        5,
        null,
        null,
        5,
        null,
        null,
        null,
        null,
        null,
        null,
        5,
        null,
        null,
        null
      ],
      "/Users/siyuqiu/Documents/Upenn/CIT597/Gmail2Calendar/app/helpers/events_helper.rb": [
        1,
        null
      ],
      "/Users/siyuqiu/Documents/Upenn/CIT597/Gmail2Calendar/app/helpers/mygmails_helper.rb": [
        1,
        null
      ],
      "/Users/siyuqiu/Documents/Upenn/CIT597/Gmail2Calendar/app/helpers/users_helper.rb": [
        1,
        null
      ],
      "/Users/siyuqiu/Documents/Upenn/CIT597/Gmail2Calendar/app/controllers/omniauth_callbacks_controller.rb": [
        1,
        1,
        null,
        2,
        null,
        2,
        0,
        0,
        null,
        2,
        2,
        null,
        null,
        null,
        null
      ],
      "/Users/siyuqiu/Documents/Upenn/CIT597/Gmail2Calendar/app/controllers/users_controller.rb": [
        null,
        null,
        1,
        1,
        null,
        1,
        null,
        null,
        1,
        1,
        1,
        null,
        null,
        1,
        0,
        null,
        null,
        1,
        0,
        0,
        null,
        null,
        1,
        null,
        null,
        1,
        0,
        0,
        0,
        null,
        null,
        1,
        0,
        0,
        null,
        null,
        1,
        0,
        0,
        null,
        null,
        1,
        1,
        0,
        null,
        null,
        1,
        0,
        null,
        null
      ],
      "/Users/siyuqiu/Documents/Upenn/CIT597/Gmail2Calendar/app/models/mygmail.rb": [
        null,
        null,
        null,
        null,
        null,
        null,
        null,
        null,
        null,
        null,
        null,
        null,
        1,
        1,
        1,
        1,
        null
      ],
      "/Users/siyuqiu/Documents/Upenn/CIT597/Gmail2Calendar/app/models/event.rb": [
        null,
        null,
        null,
        null,
        null,
        null,
        null,
        null,
        null,
        null,
        null,
        null,
        null,
        1,
        1,
        1,
        null,
        null
      ]
    },
    "timestamp": 1418425142
  }
}
